c:\users\annefitz\documents\cps470\project2\project2\project2\debug\vc141.pdb
c:\users\annefitz\documents\cps470\project2\project2\project2\debug\vc141.idb
c:\users\annefitz\documents\cps470\project2\project2\project2\debug\winsock.obj
c:\users\annefitz\documents\cps470\project2\project2\project2\debug\main.obj
c:\users\annefitz\documents\cps470\project2\project2\project2\debug\lookup.obj
c:\users\annefitz\documents\cps470\project2\project2\project2\debug\dns.obj
c:\users\annefitz\documents\cps470\project2\project2\project2\debug\cpu.obj
c:\users\annefitz\documents\cps470\project2\project2\debug\project2.exe
c:\users\annefitz\documents\cps470\project2\project2\debug\project2.ilk
c:\users\annefitz\documents\cps470\project2\project2\debug\project2.pdb
c:\users\spencer\documents\github\project2\project2\debug\cpu.obj
c:\users\spencer\documents\github\project2\project2\debug\dns.obj
c:\users\spencer\documents\github\project2\project2\debug\lookup.obj
c:\users\spencer\documents\github\project2\project2\debug\main.obj
c:\users\spencer\documents\github\project2\project2\debug\winsock.obj
c:\users\spencer\documents\github\project2\project2\debug\vc141.idb
c:\users\spencer\documents\github\project2\project2\debug\vc141.pdb
c:\users\spencer\documents\github\project2\debug\project2.pdb
c:\users\spencer\documents\github\project2\debug\project2.exe
c:\users\spencer\documents\github\project2\debug\project2.ilk
c:\users\spencer\documents\github\project2\project2\debug\project2.tlog\cl.command.1.tlog
c:\users\spencer\documents\github\project2\project2\debug\project2.tlog\cl.read.1.tlog
c:\users\spencer\documents\github\project2\project2\debug\project2.tlog\cl.write.1.tlog
c:\users\spencer\documents\github\project2\project2\debug\project2.tlog\link.command.1.tlog
c:\users\spencer\documents\github\project2\project2\debug\project2.tlog\link.read.1.tlog
c:\users\spencer\documents\github\project2\project2\debug\project2.tlog\link.write.1.tlog
